mode: atomic
github.com/scality/terraform-provider-scality/internal/client/console.go:39.100,44.24 2 16
github.com/scality/terraform-provider-scality/internal/client/console.go:44.24,50.3 1 0
github.com/scality/terraform-provider-scality/internal/client/console.go:52.2,57.3 1 16
github.com/scality/terraform-provider-scality/internal/client/console.go:66.47,73.2 5 27
github.com/scality/terraform-provider-scality/internal/client/console.go:75.58,79.16 3 15
github.com/scality/terraform-provider-scality/internal/client/console.go:79.16,81.3 1 15
github.com/scality/terraform-provider-scality/internal/client/console.go:83.2,84.53 2 0
github.com/scality/terraform-provider-scality/internal/client/console.go:84.53,86.3 1 0
github.com/scality/terraform-provider-scality/internal/client/console.go:88.2,89.35 2 0
github.com/scality/terraform-provider-scality/internal/client/console.go:89.35,92.3 2 0
github.com/scality/terraform-provider-scality/internal/client/console.go:94.2,94.25 1 0
github.com/scality/terraform-provider-scality/internal/client/console.go:97.56,106.16 4 12
github.com/scality/terraform-provider-scality/internal/client/console.go:106.16,108.3 1 0
github.com/scality/terraform-provider-scality/internal/client/console.go:110.2,110.71 1 12
github.com/scality/terraform-provider-scality/internal/client/console.go:110.71,112.3 1 0
github.com/scality/terraform-provider-scality/internal/client/console.go:114.2,114.12 1 12
github.com/scality/terraform-provider-scality/internal/client/console.go:118.65,119.56 1 15
github.com/scality/terraform-provider-scality/internal/client/console.go:119.56,122.3 2 0
github.com/scality/terraform-provider-scality/internal/client/console.go:124.2,132.16 4 15
github.com/scality/terraform-provider-scality/internal/client/console.go:132.16,134.3 1 0
github.com/scality/terraform-provider-scality/internal/client/console.go:136.2,137.16 2 15
github.com/scality/terraform-provider-scality/internal/client/console.go:137.16,139.3 1 0
github.com/scality/terraform-provider-scality/internal/client/console.go:141.2,145.16 4 15
github.com/scality/terraform-provider-scality/internal/client/console.go:145.16,147.3 1 0
github.com/scality/terraform-provider-scality/internal/client/console.go:148.2,148.15 1 15
github.com/scality/terraform-provider-scality/internal/client/console.go:148.15,150.3 1 15
github.com/scality/terraform-provider-scality/internal/client/console.go:152.2,153.16 2 15
github.com/scality/terraform-provider-scality/internal/client/console.go:153.16,155.3 1 0
github.com/scality/terraform-provider-scality/internal/client/console.go:157.2,157.28 1 15
github.com/scality/terraform-provider-scality/internal/client/console.go:157.28,159.3 1 2
github.com/scality/terraform-provider-scality/internal/client/console.go:161.2,167.54 2 13
github.com/scality/terraform-provider-scality/internal/client/console.go:167.54,169.3 1 0
github.com/scality/terraform-provider-scality/internal/client/console.go:171.2,171.21 1 13
github.com/scality/terraform-provider-scality/internal/client/console.go:171.21,173.3 1 1
github.com/scality/terraform-provider-scality/internal/client/console.go:175.2,179.12 3 12
github.com/scality/terraform-provider-scality/internal/client/console.go:225.139,226.19 1 3
github.com/scality/terraform-provider-scality/internal/client/console.go:226.19,227.45 1 3
github.com/scality/terraform-provider-scality/internal/client/console.go:227.45,229.4 1 1
github.com/scality/terraform-provider-scality/internal/client/console.go:232.2,235.16 3 2
github.com/scality/terraform-provider-scality/internal/client/console.go:235.16,237.3 1 0
github.com/scality/terraform-provider-scality/internal/client/console.go:239.2,240.16 2 2
github.com/scality/terraform-provider-scality/internal/client/console.go:240.16,242.3 1 0
github.com/scality/terraform-provider-scality/internal/client/console.go:244.2,249.16 5 2
github.com/scality/terraform-provider-scality/internal/client/console.go:249.16,251.3 1 0
github.com/scality/terraform-provider-scality/internal/client/console.go:252.2,252.15 1 2
github.com/scality/terraform-provider-scality/internal/client/console.go:252.15,254.3 1 2
github.com/scality/terraform-provider-scality/internal/client/console.go:256.2,257.16 2 2
github.com/scality/terraform-provider-scality/internal/client/console.go:257.16,259.3 1 0
github.com/scality/terraform-provider-scality/internal/client/console.go:261.2,261.28 1 2
github.com/scality/terraform-provider-scality/internal/client/console.go:261.28,263.3 1 1
github.com/scality/terraform-provider-scality/internal/client/console.go:265.2,265.54 1 1
github.com/scality/terraform-provider-scality/internal/client/console.go:265.54,267.3 1 0
github.com/scality/terraform-provider-scality/internal/client/console.go:269.2,270.54 2 1
github.com/scality/terraform-provider-scality/internal/client/console.go:270.54,272.3 1 0
github.com/scality/terraform-provider-scality/internal/client/console.go:274.2,274.21 1 1
github.com/scality/terraform-provider-scality/internal/client/console.go:278.126,279.19 1 2
github.com/scality/terraform-provider-scality/internal/client/console.go:279.19,280.45 1 2
github.com/scality/terraform-provider-scality/internal/client/console.go:280.45,282.4 1 0
github.com/scality/terraform-provider-scality/internal/client/console.go:285.2,288.16 3 2
github.com/scality/terraform-provider-scality/internal/client/console.go:288.16,290.3 1 0
github.com/scality/terraform-provider-scality/internal/client/console.go:292.2,296.16 4 2
github.com/scality/terraform-provider-scality/internal/client/console.go:296.16,298.3 1 0
github.com/scality/terraform-provider-scality/internal/client/console.go:299.2,299.15 1 2
github.com/scality/terraform-provider-scality/internal/client/console.go:299.15,301.3 1 2
github.com/scality/terraform-provider-scality/internal/client/console.go:303.2,304.16 2 2
github.com/scality/terraform-provider-scality/internal/client/console.go:304.16,306.3 1 0
github.com/scality/terraform-provider-scality/internal/client/console.go:308.2,308.54 1 2
github.com/scality/terraform-provider-scality/internal/client/console.go:308.54,310.3 1 1
github.com/scality/terraform-provider-scality/internal/client/console.go:312.2,313.54 2 1
github.com/scality/terraform-provider-scality/internal/client/console.go:313.54,315.3 1 0
github.com/scality/terraform-provider-scality/internal/client/console.go:317.2,317.21 1 1
github.com/scality/terraform-provider-scality/internal/client/console.go:321.120,322.19 1 4
github.com/scality/terraform-provider-scality/internal/client/console.go:322.19,323.45 1 3
github.com/scality/terraform-provider-scality/internal/client/console.go:323.45,325.4 1 0
github.com/scality/terraform-provider-scality/internal/client/console.go:328.2,331.16 3 4
github.com/scality/terraform-provider-scality/internal/client/console.go:331.16,333.3 1 0
github.com/scality/terraform-provider-scality/internal/client/console.go:335.2,339.16 4 4
github.com/scality/terraform-provider-scality/internal/client/console.go:339.16,341.3 1 0
github.com/scality/terraform-provider-scality/internal/client/console.go:342.2,342.15 1 4
github.com/scality/terraform-provider-scality/internal/client/console.go:342.15,344.3 1 4
github.com/scality/terraform-provider-scality/internal/client/console.go:346.2,347.16 2 4
github.com/scality/terraform-provider-scality/internal/client/console.go:347.16,349.3 1 0
github.com/scality/terraform-provider-scality/internal/client/console.go:351.2,351.28 1 4
github.com/scality/terraform-provider-scality/internal/client/console.go:351.28,353.3 1 1
github.com/scality/terraform-provider-scality/internal/client/console.go:355.2,355.28 1 3
github.com/scality/terraform-provider-scality/internal/client/console.go:355.28,357.3 1 0
github.com/scality/terraform-provider-scality/internal/client/console.go:359.2,360.54 2 3
github.com/scality/terraform-provider-scality/internal/client/console.go:360.54,362.3 1 0
github.com/scality/terraform-provider-scality/internal/client/console.go:364.2,364.21 1 3
github.com/scality/terraform-provider-scality/internal/client/console.go:368.93,369.19 1 4
github.com/scality/terraform-provider-scality/internal/client/console.go:369.19,370.45 1 4
github.com/scality/terraform-provider-scality/internal/client/console.go:370.45,372.4 1 0
github.com/scality/terraform-provider-scality/internal/client/console.go:376.2,380.16 4 4
github.com/scality/terraform-provider-scality/internal/client/console.go:380.16,382.3 1 0
github.com/scality/terraform-provider-scality/internal/client/console.go:384.2,388.16 4 4
github.com/scality/terraform-provider-scality/internal/client/console.go:388.16,390.3 1 0
github.com/scality/terraform-provider-scality/internal/client/console.go:391.2,391.15 1 4
github.com/scality/terraform-provider-scality/internal/client/console.go:391.15,393.3 1 4
github.com/scality/terraform-provider-scality/internal/client/console.go:395.2,395.83 1 4
github.com/scality/terraform-provider-scality/internal/client/console.go:395.83,398.3 2 1
github.com/scality/terraform-provider-scality/internal/client/console.go:401.2,404.16 3 3
github.com/scality/terraform-provider-scality/internal/client/console.go:404.16,406.3 1 0
github.com/scality/terraform-provider-scality/internal/client/console.go:408.2,412.16 4 3
github.com/scality/terraform-provider-scality/internal/client/console.go:412.16,414.3 1 0
github.com/scality/terraform-provider-scality/internal/client/console.go:415.2,415.15 1 3
github.com/scality/terraform-provider-scality/internal/client/console.go:415.15,417.3 1 3
github.com/scality/terraform-provider-scality/internal/client/console.go:419.2,419.83 1 3
github.com/scality/terraform-provider-scality/internal/client/console.go:419.83,422.3 2 1
github.com/scality/terraform-provider-scality/internal/client/console.go:424.2,424.12 1 2
github.com/scality/terraform-provider-scality/internal/client/iam.go:52.94,57.24 2 65
github.com/scality/terraform-provider-scality/internal/client/iam.go:57.24,63.3 1 0
github.com/scality/terraform-provider-scality/internal/client/iam.go:65.2,70.3 1 65
github.com/scality/terraform-provider-scality/internal/client/iam.go:73.118,75.16 2 23
github.com/scality/terraform-provider-scality/internal/client/iam.go:75.16,77.3 1 0
github.com/scality/terraform-provider-scality/internal/client/iam.go:79.2,116.21 19 23
github.com/scality/terraform-provider-scality/internal/client/iam.go:119.75,125.2 5 128
github.com/scality/terraform-provider-scality/internal/client/iam.go:127.49,131.2 3 640
github.com/scality/terraform-provider-scality/internal/client/iam.go:134.113,141.16 5 23
github.com/scality/terraform-provider-scality/internal/client/iam.go:141.16,143.3 1 0
github.com/scality/terraform-provider-scality/internal/client/iam.go:145.2,146.16 2 23
github.com/scality/terraform-provider-scality/internal/client/iam.go:146.16,148.3 1 0
github.com/scality/terraform-provider-scality/internal/client/iam.go:150.2,150.34 1 23
github.com/scality/terraform-provider-scality/internal/client/iam.go:150.34,152.3 1 69
github.com/scality/terraform-provider-scality/internal/client/iam.go:153.2,156.16 3 23
github.com/scality/terraform-provider-scality/internal/client/iam.go:156.16,158.3 1 0
github.com/scality/terraform-provider-scality/internal/client/iam.go:159.2,159.15 1 23
github.com/scality/terraform-provider-scality/internal/client/iam.go:159.15,161.3 1 23
github.com/scality/terraform-provider-scality/internal/client/iam.go:163.2,164.16 2 23
github.com/scality/terraform-provider-scality/internal/client/iam.go:164.16,166.3 1 0
github.com/scality/terraform-provider-scality/internal/client/iam.go:168.2,168.35 1 23
github.com/scality/terraform-provider-scality/internal/client/iam.go:183.122,187.16 3 46
github.com/scality/terraform-provider-scality/internal/client/iam.go:187.16,189.3 1 0
github.com/scality/terraform-provider-scality/internal/client/iam.go:191.2,226.16 16 46
github.com/scality/terraform-provider-scality/internal/client/iam.go:226.16,228.3 1 0
github.com/scality/terraform-provider-scality/internal/client/iam.go:230.2,236.16 6 46
github.com/scality/terraform-provider-scality/internal/client/iam.go:236.16,238.3 1 0
github.com/scality/terraform-provider-scality/internal/client/iam.go:239.2,239.15 1 46
github.com/scality/terraform-provider-scality/internal/client/iam.go:239.15,241.3 1 46
github.com/scality/terraform-provider-scality/internal/client/iam.go:243.2,244.16 2 46
github.com/scality/terraform-provider-scality/internal/client/iam.go:244.16,246.3 1 0
github.com/scality/terraform-provider-scality/internal/client/iam.go:248.2,248.28 1 46
github.com/scality/terraform-provider-scality/internal/client/iam.go:248.28,250.91 2 13
github.com/scality/terraform-provider-scality/internal/client/iam.go:250.91,252.4 1 12
github.com/scality/terraform-provider-scality/internal/client/iam.go:253.3,253.98 1 1
github.com/scality/terraform-provider-scality/internal/client/iam.go:256.2,256.22 1 33
github.com/scality/terraform-provider-scality/internal/client/iam.go:259.36,262.2 2 210
github.com/scality/terraform-provider-scality/internal/client/iam.go:320.114,324.22 4 5
github.com/scality/terraform-provider-scality/internal/client/iam.go:324.22,326.3 1 1
github.com/scality/terraform-provider-scality/internal/client/iam.go:327.2,327.33 1 5
github.com/scality/terraform-provider-scality/internal/client/iam.go:327.33,329.3 1 0
github.com/scality/terraform-provider-scality/internal/client/iam.go:331.2,332.16 2 5
github.com/scality/terraform-provider-scality/internal/client/iam.go:332.16,334.3 1 0
github.com/scality/terraform-provider-scality/internal/client/iam.go:336.2,336.23 1 5
github.com/scality/terraform-provider-scality/internal/client/iam.go:336.23,338.3 1 1
github.com/scality/terraform-provider-scality/internal/client/iam.go:340.2,340.23 1 4
github.com/scality/terraform-provider-scality/internal/client/iam.go:340.23,342.3 1 1
github.com/scality/terraform-provider-scality/internal/client/iam.go:344.2,345.54 2 3
github.com/scality/terraform-provider-scality/internal/client/iam.go:345.54,347.3 1 0
github.com/scality/terraform-provider-scality/internal/client/iam.go:349.2,349.21 1 3
github.com/scality/terraform-provider-scality/internal/client/iam.go:353.115,358.16 4 3
github.com/scality/terraform-provider-scality/internal/client/iam.go:358.16,360.3 1 0
github.com/scality/terraform-provider-scality/internal/client/iam.go:362.2,362.23 1 3
github.com/scality/terraform-provider-scality/internal/client/iam.go:362.23,364.3 1 1
github.com/scality/terraform-provider-scality/internal/client/iam.go:366.2,367.54 2 2
github.com/scality/terraform-provider-scality/internal/client/iam.go:367.54,369.3 1 0
github.com/scality/terraform-provider-scality/internal/client/iam.go:371.2,371.21 1 2
github.com/scality/terraform-provider-scality/internal/client/iam.go:375.104,381.16 5 4
github.com/scality/terraform-provider-scality/internal/client/iam.go:381.16,383.3 1 0
github.com/scality/terraform-provider-scality/internal/client/iam.go:385.2,385.23 1 4
github.com/scality/terraform-provider-scality/internal/client/iam.go:385.23,387.3 1 1
github.com/scality/terraform-provider-scality/internal/client/iam.go:389.2,389.23 1 3
github.com/scality/terraform-provider-scality/internal/client/iam.go:389.23,391.3 1 1
github.com/scality/terraform-provider-scality/internal/client/iam.go:393.2,393.12 1 2
github.com/scality/terraform-provider-scality/internal/client/iam.go:397.102,402.16 4 4
github.com/scality/terraform-provider-scality/internal/client/iam.go:402.16,404.3 1 0
github.com/scality/terraform-provider-scality/internal/client/iam.go:406.2,406.23 1 4
github.com/scality/terraform-provider-scality/internal/client/iam.go:406.23,408.3 1 1
github.com/scality/terraform-provider-scality/internal/client/iam.go:410.2,410.44 1 3
github.com/scality/terraform-provider-scality/internal/client/iam.go:410.44,412.3 1 1
github.com/scality/terraform-provider-scality/internal/client/iam.go:414.2,415.54 2 2
github.com/scality/terraform-provider-scality/internal/client/iam.go:415.54,417.3 1 0
github.com/scality/terraform-provider-scality/internal/client/iam.go:419.2,419.21 1 2
github.com/scality/terraform-provider-scality/internal/client/iam.go:423.82,428.16 4 5
github.com/scality/terraform-provider-scality/internal/client/iam.go:428.16,430.3 1 0
github.com/scality/terraform-provider-scality/internal/client/iam.go:432.2,432.23 1 5
github.com/scality/terraform-provider-scality/internal/client/iam.go:432.23,434.3 1 1
github.com/scality/terraform-provider-scality/internal/client/iam.go:436.2,436.23 1 4
github.com/scality/terraform-provider-scality/internal/client/iam.go:436.23,451.3 1 1
github.com/scality/terraform-provider-scality/internal/client/iam.go:453.2,453.23 1 3
github.com/scality/terraform-provider-scality/internal/client/iam.go:453.23,455.3 1 1
github.com/scality/terraform-provider-scality/internal/client/iam.go:457.2,457.12 1 2
github.com/scality/terraform-provider-scality/internal/client/iam.go:461.117,463.16 2 2
github.com/scality/terraform-provider-scality/internal/client/iam.go:463.16,465.3 1 0
github.com/scality/terraform-provider-scality/internal/client/iam.go:467.2,472.16 5 2
github.com/scality/terraform-provider-scality/internal/client/iam.go:472.16,474.3 1 0
github.com/scality/terraform-provider-scality/internal/client/iam.go:476.2,476.23 1 2
github.com/scality/terraform-provider-scality/internal/client/iam.go:476.23,478.3 1 1
github.com/scality/terraform-provider-scality/internal/client/iam.go:480.2,480.12 1 1
github.com/scality/terraform-provider-scality/internal/client/iam.go:567.110,574.16 3 5
github.com/scality/terraform-provider-scality/internal/client/iam.go:574.16,576.3 1 2
github.com/scality/terraform-provider-scality/internal/client/iam.go:578.2,579.51 2 3
github.com/scality/terraform-provider-scality/internal/client/iam.go:579.51,581.3 1 0
github.com/scality/terraform-provider-scality/internal/client/iam.go:583.2,583.31 1 3
github.com/scality/terraform-provider-scality/internal/client/iam.go:586.107,593.16 3 2
github.com/scality/terraform-provider-scality/internal/client/iam.go:593.16,594.52 1 1
github.com/scality/terraform-provider-scality/internal/client/iam.go:594.52,596.4 1 1
github.com/scality/terraform-provider-scality/internal/client/iam.go:597.3,597.46 1 0
github.com/scality/terraform-provider-scality/internal/client/iam.go:600.2,601.51 2 1
github.com/scality/terraform-provider-scality/internal/client/iam.go:601.51,603.3 1 0
github.com/scality/terraform-provider-scality/internal/client/iam.go:605.2,605.31 1 1
github.com/scality/terraform-provider-scality/internal/client/iam.go:608.98,615.16 3 2
github.com/scality/terraform-provider-scality/internal/client/iam.go:615.16,617.3 1 1
github.com/scality/terraform-provider-scality/internal/client/iam.go:619.2,619.12 1 1
github.com/scality/terraform-provider-scality/internal/client/iam.go:624.129,633.16 3 1
github.com/scality/terraform-provider-scality/internal/client/iam.go:633.16,635.3 1 0
github.com/scality/terraform-provider-scality/internal/client/iam.go:637.2,637.12 1 1
github.com/scality/terraform-provider-scality/internal/client/iam.go:640.123,648.16 3 2
github.com/scality/terraform-provider-scality/internal/client/iam.go:648.16,649.52 1 1
github.com/scality/terraform-provider-scality/internal/client/iam.go:649.52,651.4 1 1
github.com/scality/terraform-provider-scality/internal/client/iam.go:652.3,652.52 1 0
github.com/scality/terraform-provider-scality/internal/client/iam.go:655.2,656.51 2 1
github.com/scality/terraform-provider-scality/internal/client/iam.go:656.51,658.3 1 0
github.com/scality/terraform-provider-scality/internal/client/iam.go:660.2,661.16 2 1
github.com/scality/terraform-provider-scality/internal/client/iam.go:661.16,663.3 1 0
github.com/scality/terraform-provider-scality/internal/client/iam.go:665.2,665.21 1 1
github.com/scality/terraform-provider-scality/internal/client/iam.go:668.116,676.16 3 1
github.com/scality/terraform-provider-scality/internal/client/iam.go:676.16,678.3 1 0
github.com/scality/terraform-provider-scality/internal/client/iam.go:680.2,680.12 1 1
github.com/scality/terraform-provider-scality/internal/client/iam.go:685.127,692.16 3 1
github.com/scality/terraform-provider-scality/internal/client/iam.go:692.16,694.3 1 0
github.com/scality/terraform-provider-scality/internal/client/iam.go:696.2,697.51 2 1
github.com/scality/terraform-provider-scality/internal/client/iam.go:697.51,699.3 1 0
github.com/scality/terraform-provider-scality/internal/client/iam.go:701.2,701.36 1 1
github.com/scality/terraform-provider-scality/internal/client/iam.go:704.135,711.16 3 1
github.com/scality/terraform-provider-scality/internal/client/iam.go:711.16,713.3 1 0
github.com/scality/terraform-provider-scality/internal/client/iam.go:715.2,716.51 2 1
github.com/scality/terraform-provider-scality/internal/client/iam.go:716.51,718.3 1 0
github.com/scality/terraform-provider-scality/internal/client/iam.go:720.2,720.43 1 1
github.com/scality/terraform-provider-scality/internal/client/iam.go:723.134,731.16 3 1
github.com/scality/terraform-provider-scality/internal/client/iam.go:731.16,733.3 1 0
github.com/scality/terraform-provider-scality/internal/client/iam.go:735.2,735.12 1 1
github.com/scality/terraform-provider-scality/internal/client/iam.go:740.117,746.16 3 2
github.com/scality/terraform-provider-scality/internal/client/iam.go:746.16,748.3 1 1
github.com/scality/terraform-provider-scality/internal/client/iam.go:750.2,751.51 2 1
github.com/scality/terraform-provider-scality/internal/client/iam.go:751.51,753.3 1 0
github.com/scality/terraform-provider-scality/internal/client/iam.go:755.2,755.36 1 1
github.com/scality/terraform-provider-scality/internal/client/iam.go:758.125,764.16 3 2
github.com/scality/terraform-provider-scality/internal/client/iam.go:764.16,766.3 1 0
github.com/scality/terraform-provider-scality/internal/client/iam.go:768.2,769.51 2 2
github.com/scality/terraform-provider-scality/internal/client/iam.go:769.51,771.3 1 0
github.com/scality/terraform-provider-scality/internal/client/iam.go:773.2,773.43 1 2
github.com/scality/terraform-provider-scality/internal/client/iam.go:776.124,783.16 3 2
github.com/scality/terraform-provider-scality/internal/client/iam.go:783.16,785.3 1 1
github.com/scality/terraform-provider-scality/internal/client/iam.go:787.2,787.12 1 1
github.com/scality/terraform-provider-scality/internal/client/iam.go:792.113,799.16 3 1
github.com/scality/terraform-provider-scality/internal/client/iam.go:799.16,801.3 1 0
github.com/scality/terraform-provider-scality/internal/client/iam.go:803.2,804.51 2 1
github.com/scality/terraform-provider-scality/internal/client/iam.go:804.51,806.3 1 0
github.com/scality/terraform-provider-scality/internal/client/iam.go:808.2,808.32 1 1
github.com/scality/terraform-provider-scality/internal/client/iam.go:811.121,818.16 3 3
github.com/scality/terraform-provider-scality/internal/client/iam.go:818.16,819.52 1 1
github.com/scality/terraform-provider-scality/internal/client/iam.go:819.52,821.4 1 1
github.com/scality/terraform-provider-scality/internal/client/iam.go:822.3,822.52 1 0
github.com/scality/terraform-provider-scality/internal/client/iam.go:825.2,826.51 2 2
github.com/scality/terraform-provider-scality/internal/client/iam.go:826.51,828.3 1 0
github.com/scality/terraform-provider-scality/internal/client/iam.go:830.2,830.51 1 2
github.com/scality/terraform-provider-scality/internal/client/iam.go:833.100,840.16 3 1
github.com/scality/terraform-provider-scality/internal/client/iam.go:840.16,842.3 1 0
github.com/scality/terraform-provider-scality/internal/client/iam.go:844.2,844.12 1 1
github.com/scality/terraform-provider-scality/internal/client/iam.go:847.113,855.16 3 1
github.com/scality/terraform-provider-scality/internal/client/iam.go:855.16,857.3 1 0
github.com/scality/terraform-provider-scality/internal/client/iam.go:859.2,859.12 1 1
github.com/scality/terraform-provider-scality/internal/client/iam.go:862.118,870.16 3 1
github.com/scality/terraform-provider-scality/internal/client/iam.go:870.16,872.3 1 0
github.com/scality/terraform-provider-scality/internal/client/iam.go:874.2,874.12 1 1
github.com/scality/terraform-provider-scality/internal/client/iam_managed_policy.go:56.146,64.16 3 1
github.com/scality/terraform-provider-scality/internal/client/iam_managed_policy.go:64.16,66.3 1 0
github.com/scality/terraform-provider-scality/internal/client/iam_managed_policy.go:68.2,69.51 2 1
github.com/scality/terraform-provider-scality/internal/client/iam_managed_policy.go:69.51,71.3 1 0
github.com/scality/terraform-provider-scality/internal/client/iam_managed_policy.go:73.2,73.33 1 1
github.com/scality/terraform-provider-scality/internal/client/iam_managed_policy.go:76.126,83.16 3 2
github.com/scality/terraform-provider-scality/internal/client/iam_managed_policy.go:83.16,84.52 1 1
github.com/scality/terraform-provider-scality/internal/client/iam_managed_policy.go:84.52,86.4 1 1
github.com/scality/terraform-provider-scality/internal/client/iam_managed_policy.go:87.3,87.48 1 0
github.com/scality/terraform-provider-scality/internal/client/iam_managed_policy.go:90.2,91.51 2 1
github.com/scality/terraform-provider-scality/internal/client/iam_managed_policy.go:91.51,93.3 1 0
github.com/scality/terraform-provider-scality/internal/client/iam_managed_policy.go:95.2,95.33 1 1
github.com/scality/terraform-provider-scality/internal/client/iam_managed_policy.go:98.133,106.16 3 1
github.com/scality/terraform-provider-scality/internal/client/iam_managed_policy.go:106.16,108.3 1 0
github.com/scality/terraform-provider-scality/internal/client/iam_managed_policy.go:110.2,111.51 2 1
github.com/scality/terraform-provider-scality/internal/client/iam_managed_policy.go:111.51,113.3 1 0
github.com/scality/terraform-provider-scality/internal/client/iam_managed_policy.go:115.2,116.16 2 1
github.com/scality/terraform-provider-scality/internal/client/iam_managed_policy.go:116.16,118.3 1 0
github.com/scality/terraform-provider-scality/internal/client/iam_managed_policy.go:120.2,120.21 1 1
github.com/scality/terraform-provider-scality/internal/client/iam_managed_policy.go:123.131,132.16 3 1
github.com/scality/terraform-provider-scality/internal/client/iam_managed_policy.go:132.16,134.3 1 0
github.com/scality/terraform-provider-scality/internal/client/iam_managed_policy.go:136.2,136.12 1 1
github.com/scality/terraform-provider-scality/internal/client/iam_managed_policy.go:139.108,146.16 3 2
github.com/scality/terraform-provider-scality/internal/client/iam_managed_policy.go:146.16,147.52 1 1
github.com/scality/terraform-provider-scality/internal/client/iam_managed_policy.go:147.52,149.4 1 1
github.com/scality/terraform-provider-scality/internal/client/iam_managed_policy.go:150.3,150.46 1 0
github.com/scality/terraform-provider-scality/internal/client/iam_managed_policy.go:153.2,153.12 1 1
github.com/scality/terraform-provider-scality/internal/client/iam_role.go:45.136,53.16 3 1
github.com/scality/terraform-provider-scality/internal/client/iam_role.go:53.16,55.3 1 0
github.com/scality/terraform-provider-scality/internal/client/iam_role.go:57.2,58.51 2 1
github.com/scality/terraform-provider-scality/internal/client/iam_role.go:58.51,60.3 1 0
github.com/scality/terraform-provider-scality/internal/client/iam_role.go:62.2,62.31 1 1
github.com/scality/terraform-provider-scality/internal/client/iam_role.go:65.107,72.16 3 2
github.com/scality/terraform-provider-scality/internal/client/iam_role.go:72.16,73.52 1 1
github.com/scality/terraform-provider-scality/internal/client/iam_role.go:73.52,75.4 1 1
github.com/scality/terraform-provider-scality/internal/client/iam_role.go:76.3,76.46 1 0
github.com/scality/terraform-provider-scality/internal/client/iam_role.go:79.2,80.51 2 1
github.com/scality/terraform-provider-scality/internal/client/iam_role.go:80.51,82.3 1 0
github.com/scality/terraform-provider-scality/internal/client/iam_role.go:84.2,84.31 1 1
github.com/scality/terraform-provider-scality/internal/client/iam_role.go:87.98,94.16 3 2
github.com/scality/terraform-provider-scality/internal/client/iam_role.go:94.16,95.52 1 1
github.com/scality/terraform-provider-scality/internal/client/iam_role.go:95.52,97.4 1 1
github.com/scality/terraform-provider-scality/internal/client/iam_role.go:98.3,98.44 1 0
github.com/scality/terraform-provider-scality/internal/client/iam_role.go:101.2,101.12 1 1
github.com/scality/terraform-provider-scality/internal/client/iam_role.go:104.115,112.16 3 1
github.com/scality/terraform-provider-scality/internal/client/iam_role.go:112.16,114.3 1 0
github.com/scality/terraform-provider-scality/internal/client/iam_role.go:116.2,116.12 1 1
github.com/scality/terraform-provider-scality/internal/client/iam_role.go:119.115,127.16 3 2
github.com/scality/terraform-provider-scality/internal/client/iam_role.go:127.16,128.52 1 1
github.com/scality/terraform-provider-scality/internal/client/iam_role.go:128.52,130.4 1 1
github.com/scality/terraform-provider-scality/internal/client/iam_role.go:131.3,131.51 1 0
github.com/scality/terraform-provider-scality/internal/client/iam_role.go:134.2,134.12 1 1
github.com/scality/terraform-provider-scality/internal/client/iam_role.go:137.135,144.16 3 2
github.com/scality/terraform-provider-scality/internal/client/iam_role.go:144.16,146.3 1 0
github.com/scality/terraform-provider-scality/internal/client/iam_role.go:148.2,149.51 2 2
github.com/scality/terraform-provider-scality/internal/client/iam_role.go:149.51,151.3 1 0
github.com/scality/terraform-provider-scality/internal/client/iam_role.go:153.2,153.42 1 2
github.com/scality/terraform-provider-scality/internal/client/s3.go:27.70,32.24 2 59
github.com/scality/terraform-provider-scality/internal/client/s3.go:32.24,38.3 1 0
github.com/scality/terraform-provider-scality/internal/client/s3.go:40.2,43.3 1 59
github.com/scality/terraform-provider-scality/internal/client/s3.go:52.175,54.16 2 59
github.com/scality/terraform-provider-scality/internal/client/s3.go:54.16,56.3 1 0
github.com/scality/terraform-provider-scality/internal/client/s3.go:58.2,64.23 6 59
github.com/scality/terraform-provider-scality/internal/client/s3.go:64.23,67.3 2 50
github.com/scality/terraform-provider-scality/internal/client/s3.go:69.2,81.33 6 59
github.com/scality/terraform-provider-scality/internal/client/s3.go:81.33,83.3 1 5
github.com/scality/terraform-provider-scality/internal/client/s3.go:85.2,86.27 2 59
github.com/scality/terraform-provider-scality/internal/client/s3.go:86.27,88.3 1 182
github.com/scality/terraform-provider-scality/internal/client/s3.go:89.2,92.35 3 59
github.com/scality/terraform-provider-scality/internal/client/s3.go:92.35,94.3 1 182
github.com/scality/terraform-provider-scality/internal/client/s3.go:95.2,121.16 9 59
github.com/scality/terraform-provider-scality/internal/client/s3.go:121.16,123.3 1 0
github.com/scality/terraform-provider-scality/internal/client/s3.go:125.2,130.33 5 59
github.com/scality/terraform-provider-scality/internal/client/s3.go:130.33,132.3 1 5
github.com/scality/terraform-provider-scality/internal/client/s3.go:134.2,134.19 1 59
github.com/scality/terraform-provider-scality/internal/client/s3.go:134.19,136.31 2 9
github.com/scality/terraform-provider-scality/internal/client/s3.go:136.31,137.44 1 2
github.com/scality/terraform-provider-scality/internal/client/s3.go:137.44,139.10 2 2
github.com/scality/terraform-provider-scality/internal/client/s3.go:142.3,142.22 1 9
github.com/scality/terraform-provider-scality/internal/client/s3.go:142.22,144.4 1 7
github.com/scality/terraform-provider-scality/internal/client/s3.go:145.3,146.83 2 9
github.com/scality/terraform-provider-scality/internal/client/s3.go:149.2,150.16 2 59
github.com/scality/terraform-provider-scality/internal/client/s3.go:150.16,152.3 1 0
github.com/scality/terraform-provider-scality/internal/client/s3.go:153.2,153.15 1 59
github.com/scality/terraform-provider-scality/internal/client/s3.go:153.15,155.3 1 59
github.com/scality/terraform-provider-scality/internal/client/s3.go:157.2,158.16 2 59
github.com/scality/terraform-provider-scality/internal/client/s3.go:158.16,160.3 1 0
github.com/scality/terraform-provider-scality/internal/client/s3.go:162.2,162.39 1 59
github.com/scality/terraform-provider-scality/internal/client/s3.go:165.91,167.82 2 8
github.com/scality/terraform-provider-scality/internal/client/s3.go:167.82,169.3 1 8
github.com/scality/terraform-provider-scality/internal/client/s3.go:170.2,170.89 1 0
github.com/scality/terraform-provider-scality/internal/client/s3_acl.go:36.121,38.16 2 2
github.com/scality/terraform-provider-scality/internal/client/s3_acl.go:38.16,40.3 1 0
github.com/scality/terraform-provider-scality/internal/client/s3_acl.go:42.2,42.23 1 2
github.com/scality/terraform-provider-scality/internal/client/s3_acl.go:42.23,44.3 1 1
github.com/scality/terraform-provider-scality/internal/client/s3_acl.go:46.2,47.50 2 1
github.com/scality/terraform-provider-scality/internal/client/s3_acl.go:47.50,49.3 1 0
github.com/scality/terraform-provider-scality/internal/client/s3_acl.go:51.2,51.18 1 1
github.com/scality/terraform-provider-scality/internal/client/s3_acl.go:54.108,57.16 3 2
github.com/scality/terraform-provider-scality/internal/client/s3_acl.go:57.16,59.3 1 0
github.com/scality/terraform-provider-scality/internal/client/s3_acl.go:61.2,61.23 1 2
github.com/scality/terraform-provider-scality/internal/client/s3_acl.go:61.23,63.3 1 1
github.com/scality/terraform-provider-scality/internal/client/s3_acl.go:65.2,65.12 1 1
github.com/scality/terraform-provider-scality/internal/client/s3_bucket.go:8.121,10.23 2 3
github.com/scality/terraform-provider-scality/internal/client/s3_bucket.go:10.23,14.3 1 1
github.com/scality/terraform-provider-scality/internal/client/s3_bucket.go:16.2,17.16 2 3
github.com/scality/terraform-provider-scality/internal/client/s3_bucket.go:17.16,19.3 1 0
github.com/scality/terraform-provider-scality/internal/client/s3_bucket.go:21.2,21.23 1 3
github.com/scality/terraform-provider-scality/internal/client/s3_bucket.go:21.23,23.3 1 1
github.com/scality/terraform-provider-scality/internal/client/s3_bucket.go:25.2,25.23 1 2
github.com/scality/terraform-provider-scality/internal/client/s3_bucket.go:25.23,27.3 1 0
github.com/scality/terraform-provider-scality/internal/client/s3_bucket.go:29.2,29.12 1 2
github.com/scality/terraform-provider-scality/internal/client/s3_bucket.go:32.103,34.16 2 3
github.com/scality/terraform-provider-scality/internal/client/s3_bucket.go:34.16,36.3 1 0
github.com/scality/terraform-provider-scality/internal/client/s3_bucket.go:38.2,38.20 1 3
github.com/scality/terraform-provider-scality/internal/client/s3_bucket.go:39.11,40.19 1 1
github.com/scality/terraform-provider-scality/internal/client/s3_bucket.go:41.11,42.20 1 1
github.com/scality/terraform-provider-scality/internal/client/s3_bucket.go:43.11,44.65 1 1
github.com/scality/terraform-provider-scality/internal/client/s3_bucket.go:45.10,46.75 1 0
github.com/scality/terraform-provider-scality/internal/client/s3_bucket.go:50.97,52.16 2 3
github.com/scality/terraform-provider-scality/internal/client/s3_bucket.go:52.16,54.3 1 0
github.com/scality/terraform-provider-scality/internal/client/s3_bucket.go:56.2,56.23 1 3
github.com/scality/terraform-provider-scality/internal/client/s3_bucket.go:56.23,58.3 1 1
github.com/scality/terraform-provider-scality/internal/client/s3_bucket.go:60.2,60.23 1 2
github.com/scality/terraform-provider-scality/internal/client/s3_bucket.go:60.23,62.3 1 1
github.com/scality/terraform-provider-scality/internal/client/s3_bucket.go:64.2,64.12 1 1
github.com/scality/terraform-provider-scality/internal/client/s3_encryption.go:30.125,32.16 2 4
github.com/scality/terraform-provider-scality/internal/client/s3_encryption.go:32.16,34.3 1 0
github.com/scality/terraform-provider-scality/internal/client/s3_encryption.go:36.2,41.23 2 4
github.com/scality/terraform-provider-scality/internal/client/s3_encryption.go:41.23,43.3 1 1
github.com/scality/terraform-provider-scality/internal/client/s3_encryption.go:45.2,45.23 1 3
github.com/scality/terraform-provider-scality/internal/client/s3_encryption.go:45.23,47.3 1 0
github.com/scality/terraform-provider-scality/internal/client/s3_encryption.go:49.2,50.53 2 3
github.com/scality/terraform-provider-scality/internal/client/s3_encryption.go:50.53,52.3 1 0
github.com/scality/terraform-provider-scality/internal/client/s3_encryption.go:54.2,58.28 2 3
github.com/scality/terraform-provider-scality/internal/client/s3_encryption.go:58.28,60.3 1 1
github.com/scality/terraform-provider-scality/internal/client/s3_encryption.go:62.2,65.8 1 2
github.com/scality/terraform-provider-scality/internal/client/s3_encryption.go:68.126,79.16 3 1
github.com/scality/terraform-provider-scality/internal/client/s3_encryption.go:79.16,81.3 1 0
github.com/scality/terraform-provider-scality/internal/client/s3_encryption.go:83.2,88.16 3 1
github.com/scality/terraform-provider-scality/internal/client/s3_encryption.go:88.16,90.3 1 0
github.com/scality/terraform-provider-scality/internal/client/s3_encryption.go:92.2,97.23 2 1
github.com/scality/terraform-provider-scality/internal/client/s3_encryption.go:97.23,99.3 1 0
github.com/scality/terraform-provider-scality/internal/client/s3_encryption.go:101.2,101.12 1 1
github.com/scality/terraform-provider-scality/internal/client/s3_encryption.go:104.107,106.16 2 2
github.com/scality/terraform-provider-scality/internal/client/s3_encryption.go:106.16,108.3 1 0
github.com/scality/terraform-provider-scality/internal/client/s3_encryption.go:110.2,110.44 1 2
github.com/scality/terraform-provider-scality/internal/client/s3_encryption.go:110.44,112.3 1 0
github.com/scality/terraform-provider-scality/internal/client/s3_encryption.go:114.2,114.12 1 2
github.com/scality/terraform-provider-scality/internal/client/s3_lifecycle.go:50.122,52.16 2 4
github.com/scality/terraform-provider-scality/internal/client/s3_lifecycle.go:52.16,54.3 1 0
github.com/scality/terraform-provider-scality/internal/client/s3_lifecycle.go:56.2,56.23 1 4
github.com/scality/terraform-provider-scality/internal/client/s3_lifecycle.go:56.23,58.3 1 1
github.com/scality/terraform-provider-scality/internal/client/s3_lifecycle.go:60.2,60.23 1 3
github.com/scality/terraform-provider-scality/internal/client/s3_lifecycle.go:60.23,62.3 1 0
github.com/scality/terraform-provider-scality/internal/client/s3_lifecycle.go:64.2,65.53 2 3
github.com/scality/terraform-provider-scality/internal/client/s3_lifecycle.go:65.53,67.3 1 0
github.com/scality/terraform-provider-scality/internal/client/s3_lifecycle.go:69.2,70.33 2 3
github.com/scality/terraform-provider-scality/internal/client/s3_lifecycle.go:70.33,75.22 2 4
github.com/scality/terraform-provider-scality/internal/client/s3_lifecycle.go:75.22,77.4 1 4
github.com/scality/terraform-provider-scality/internal/client/s3_lifecycle.go:78.3,78.26 1 4
github.com/scality/terraform-provider-scality/internal/client/s3_lifecycle.go:78.26,81.4 2 2
github.com/scality/terraform-provider-scality/internal/client/s3_lifecycle.go:82.3,82.43 1 4
github.com/scality/terraform-provider-scality/internal/client/s3_lifecycle.go:82.43,84.4 1 1
github.com/scality/terraform-provider-scality/internal/client/s3_lifecycle.go:85.3,85.46 1 4
github.com/scality/terraform-provider-scality/internal/client/s3_lifecycle.go:85.46,87.4 1 1
github.com/scality/terraform-provider-scality/internal/client/s3_lifecycle.go:88.3,88.30 1 4
github.com/scality/terraform-provider-scality/internal/client/s3_lifecycle.go:91.2,91.19 1 3
github.com/scality/terraform-provider-scality/internal/client/s3_lifecycle.go:94.126,97.26 2 1
github.com/scality/terraform-provider-scality/internal/client/s3_lifecycle.go:97.26,103.53 2 1
github.com/scality/terraform-provider-scality/internal/client/s3_lifecycle.go:103.53,108.4 1 1
github.com/scality/terraform-provider-scality/internal/client/s3_lifecycle.go:109.3,109.44 1 1
github.com/scality/terraform-provider-scality/internal/client/s3_lifecycle.go:109.44,113.4 1 0
github.com/scality/terraform-provider-scality/internal/client/s3_lifecycle.go:114.3,114.47 1 1
github.com/scality/terraform-provider-scality/internal/client/s3_lifecycle.go:114.47,118.4 1 0
github.com/scality/terraform-provider-scality/internal/client/s3_lifecycle.go:119.3,119.47 1 1
github.com/scality/terraform-provider-scality/internal/client/s3_lifecycle.go:122.2,123.16 2 1
github.com/scality/terraform-provider-scality/internal/client/s3_lifecycle.go:123.16,125.3 1 0
github.com/scality/terraform-provider-scality/internal/client/s3_lifecycle.go:127.2,128.16 2 1
github.com/scality/terraform-provider-scality/internal/client/s3_lifecycle.go:128.16,130.3 1 0
github.com/scality/terraform-provider-scality/internal/client/s3_lifecycle.go:132.2,132.23 1 1
github.com/scality/terraform-provider-scality/internal/client/s3_lifecycle.go:132.23,134.3 1 0
github.com/scality/terraform-provider-scality/internal/client/s3_lifecycle.go:136.2,136.12 1 1
github.com/scality/terraform-provider-scality/internal/client/s3_lifecycle.go:139.106,141.16 2 2
github.com/scality/terraform-provider-scality/internal/client/s3_lifecycle.go:141.16,143.3 1 0
github.com/scality/terraform-provider-scality/internal/client/s3_lifecycle.go:145.2,145.44 1 2
github.com/scality/terraform-provider-scality/internal/client/s3_lifecycle.go:145.44,147.3 1 0
github.com/scality/terraform-provider-scality/internal/client/s3_lifecycle.go:149.2,149.12 1 2
github.com/scality/terraform-provider-scality/internal/client/s3_object_lock.go:32.132,34.16 2 4
github.com/scality/terraform-provider-scality/internal/client/s3_object_lock.go:34.16,36.3 1 0
github.com/scality/terraform-provider-scality/internal/client/s3_object_lock.go:38.2,38.23 1 4
github.com/scality/terraform-provider-scality/internal/client/s3_object_lock.go:38.23,40.3 1 1
github.com/scality/terraform-provider-scality/internal/client/s3_object_lock.go:42.2,42.23 1 3
github.com/scality/terraform-provider-scality/internal/client/s3_object_lock.go:42.23,44.3 1 0
github.com/scality/terraform-provider-scality/internal/client/s3_object_lock.go:46.2,47.53 2 3
github.com/scality/terraform-provider-scality/internal/client/s3_object_lock.go:47.53,49.3 1 0
github.com/scality/terraform-provider-scality/internal/client/s3_object_lock.go:51.2,55.24 2 3
github.com/scality/terraform-provider-scality/internal/client/s3_object_lock.go:55.24,59.3 3 2
github.com/scality/terraform-provider-scality/internal/client/s3_object_lock.go:61.2,61.20 1 3
github.com/scality/terraform-provider-scality/internal/client/s3_object_lock.go:64.133,69.29 2 1
github.com/scality/terraform-provider-scality/internal/client/s3_object_lock.go:69.29,77.3 1 1
github.com/scality/terraform-provider-scality/internal/client/s3_object_lock.go:79.2,80.16 2 1
github.com/scality/terraform-provider-scality/internal/client/s3_object_lock.go:80.16,82.3 1 0
github.com/scality/terraform-provider-scality/internal/client/s3_object_lock.go:84.2,85.16 2 1
github.com/scality/terraform-provider-scality/internal/client/s3_object_lock.go:85.16,87.3 1 0
github.com/scality/terraform-provider-scality/internal/client/s3_object_lock.go:89.2,89.23 1 1
github.com/scality/terraform-provider-scality/internal/client/s3_object_lock.go:89.23,91.3 1 0
github.com/scality/terraform-provider-scality/internal/client/s3_object_lock.go:93.2,93.12 1 1
github.com/scality/terraform-provider-scality/internal/client/s3_policy.go:8.110,10.16 2 3
github.com/scality/terraform-provider-scality/internal/client/s3_policy.go:10.16,12.3 1 0
github.com/scality/terraform-provider-scality/internal/client/s3_policy.go:14.2,14.23 1 3
github.com/scality/terraform-provider-scality/internal/client/s3_policy.go:14.23,16.3 1 1
github.com/scality/terraform-provider-scality/internal/client/s3_policy.go:18.2,18.23 1 2
github.com/scality/terraform-provider-scality/internal/client/s3_policy.go:18.23,20.3 1 1
github.com/scality/terraform-provider-scality/internal/client/s3_policy.go:22.2,22.26 1 1
github.com/scality/terraform-provider-scality/internal/client/s3_policy.go:25.112,28.16 3 2
github.com/scality/terraform-provider-scality/internal/client/s3_policy.go:28.16,30.3 1 0
github.com/scality/terraform-provider-scality/internal/client/s3_policy.go:32.2,32.44 1 2
github.com/scality/terraform-provider-scality/internal/client/s3_policy.go:32.44,34.3 1 0
github.com/scality/terraform-provider-scality/internal/client/s3_policy.go:36.2,36.12 1 2
github.com/scality/terraform-provider-scality/internal/client/s3_policy.go:39.103,41.16 2 2
github.com/scality/terraform-provider-scality/internal/client/s3_policy.go:41.16,43.3 1 0
github.com/scality/terraform-provider-scality/internal/client/s3_policy.go:45.2,45.44 1 2
github.com/scality/terraform-provider-scality/internal/client/s3_policy.go:45.44,47.3 1 0
github.com/scality/terraform-provider-scality/internal/client/s3_policy.go:49.2,49.12 1 2
github.com/scality/terraform-provider-scality/internal/client/s3_replication.go:35.134,37.16 2 4
github.com/scality/terraform-provider-scality/internal/client/s3_replication.go:37.16,39.3 1 0
github.com/scality/terraform-provider-scality/internal/client/s3_replication.go:41.2,41.23 1 4
github.com/scality/terraform-provider-scality/internal/client/s3_replication.go:41.23,43.3 1 1
github.com/scality/terraform-provider-scality/internal/client/s3_replication.go:45.2,45.23 1 3
github.com/scality/terraform-provider-scality/internal/client/s3_replication.go:45.23,47.3 1 0
github.com/scality/terraform-provider-scality/internal/client/s3_replication.go:49.2,50.53 2 3
github.com/scality/terraform-provider-scality/internal/client/s3_replication.go:50.53,52.3 1 0
github.com/scality/terraform-provider-scality/internal/client/s3_replication.go:54.2,55.33 2 3
github.com/scality/terraform-provider-scality/internal/client/s3_replication.go:55.33,63.3 1 5
github.com/scality/terraform-provider-scality/internal/client/s3_replication.go:65.2,65.32 1 3
github.com/scality/terraform-provider-scality/internal/client/s3_replication.go:68.136,71.26 2 1
github.com/scality/terraform-provider-scality/internal/client/s3_replication.go:71.26,81.3 1 1
github.com/scality/terraform-provider-scality/internal/client/s3_replication.go:83.2,84.16 2 1
github.com/scality/terraform-provider-scality/internal/client/s3_replication.go:84.16,86.3 1 0
github.com/scality/terraform-provider-scality/internal/client/s3_replication.go:88.2,89.16 2 1
github.com/scality/terraform-provider-scality/internal/client/s3_replication.go:89.16,91.3 1 0
github.com/scality/terraform-provider-scality/internal/client/s3_replication.go:93.2,93.23 1 1
github.com/scality/terraform-provider-scality/internal/client/s3_replication.go:93.23,95.3 1 0
github.com/scality/terraform-provider-scality/internal/client/s3_replication.go:97.2,97.12 1 1
github.com/scality/terraform-provider-scality/internal/client/s3_replication.go:100.108,102.16 2 3
github.com/scality/terraform-provider-scality/internal/client/s3_replication.go:102.16,104.3 1 0
github.com/scality/terraform-provider-scality/internal/client/s3_replication.go:106.2,106.44 1 3
github.com/scality/terraform-provider-scality/internal/client/s3_replication.go:106.44,108.3 1 1
github.com/scality/terraform-provider-scality/internal/client/s3_replication.go:110.2,110.12 1 2
github.com/scality/terraform-provider-scality/internal/client/s3_tagging.go:23.122,25.16 2 3
github.com/scality/terraform-provider-scality/internal/client/s3_tagging.go:25.16,27.3 1 0
github.com/scality/terraform-provider-scality/internal/client/s3_tagging.go:29.2,29.23 1 3
github.com/scality/terraform-provider-scality/internal/client/s3_tagging.go:29.23,31.3 1 1
github.com/scality/terraform-provider-scality/internal/client/s3_tagging.go:33.2,33.23 1 2
github.com/scality/terraform-provider-scality/internal/client/s3_tagging.go:33.23,35.3 1 1
github.com/scality/terraform-provider-scality/internal/client/s3_tagging.go:37.2,38.53 2 1
github.com/scality/terraform-provider-scality/internal/client/s3_tagging.go:38.53,40.3 1 0
github.com/scality/terraform-provider-scality/internal/client/s3_tagging.go:42.2,43.39 2 1
github.com/scality/terraform-provider-scality/internal/client/s3_tagging.go:43.39,45.3 1 2
github.com/scality/terraform-provider-scality/internal/client/s3_tagging.go:47.2,47.18 1 1
github.com/scality/terraform-provider-scality/internal/client/s3_tagging.go:50.125,52.25 2 1
github.com/scality/terraform-provider-scality/internal/client/s3_tagging.go:52.25,54.3 1 2
github.com/scality/terraform-provider-scality/internal/client/s3_tagging.go:56.2,59.16 3 1
github.com/scality/terraform-provider-scality/internal/client/s3_tagging.go:59.16,61.3 1 0
github.com/scality/terraform-provider-scality/internal/client/s3_tagging.go:63.2,64.16 2 1
github.com/scality/terraform-provider-scality/internal/client/s3_tagging.go:64.16,66.3 1 0
github.com/scality/terraform-provider-scality/internal/client/s3_tagging.go:68.2,68.44 1 1
github.com/scality/terraform-provider-scality/internal/client/s3_tagging.go:68.44,70.3 1 0
github.com/scality/terraform-provider-scality/internal/client/s3_tagging.go:72.2,72.12 1 1
github.com/scality/terraform-provider-scality/internal/client/s3_tagging.go:75.104,77.16 2 2
github.com/scality/terraform-provider-scality/internal/client/s3_tagging.go:77.16,79.3 1 0
github.com/scality/terraform-provider-scality/internal/client/s3_tagging.go:81.2,81.44 1 2
github.com/scality/terraform-provider-scality/internal/client/s3_tagging.go:81.44,83.3 1 0
github.com/scality/terraform-provider-scality/internal/client/s3_tagging.go:85.2,85.12 1 2
github.com/scality/terraform-provider-scality/internal/client/s3_versioning.go:14.114,16.16 2 4
github.com/scality/terraform-provider-scality/internal/client/s3_versioning.go:16.16,18.3 1 0
github.com/scality/terraform-provider-scality/internal/client/s3_versioning.go:20.2,20.23 1 4
github.com/scality/terraform-provider-scality/internal/client/s3_versioning.go:20.23,22.3 1 1
github.com/scality/terraform-provider-scality/internal/client/s3_versioning.go:24.2,25.53 2 3
github.com/scality/terraform-provider-scality/internal/client/s3_versioning.go:25.53,27.3 1 0
github.com/scality/terraform-provider-scality/internal/client/s3_versioning.go:29.2,29.27 1 3
github.com/scality/terraform-provider-scality/internal/client/s3_versioning.go:32.112,36.16 3 2
github.com/scality/terraform-provider-scality/internal/client/s3_versioning.go:36.16,38.3 1 0
github.com/scality/terraform-provider-scality/internal/client/s3_versioning.go:40.2,41.16 2 2
github.com/scality/terraform-provider-scality/internal/client/s3_versioning.go:41.16,43.3 1 0
github.com/scality/terraform-provider-scality/internal/client/s3_versioning.go:45.2,45.23 1 2
github.com/scality/terraform-provider-scality/internal/client/s3_versioning.go:45.23,47.3 1 1
github.com/scality/terraform-provider-scality/internal/client/s3_versioning.go:49.2,49.12 1 1
